<?xml version="1.0" encoding="UTF-8"?>
<testng-results skipped="0" failed="0" ignored="0" total="1" passed="1">
  <reporter-output>
  </reporter-output>
  <suite name="Suite" duration-ms="85003" started-at="2021-02-02T08:08:30Z" finished-at="2021-02-02T08:09:55Z">
    <groups>
    </groups>
    <test name="Test" duration-ms="85003" started-at="2021-02-02T08:08:30Z" finished-at="2021-02-02T08:09:55Z">
      <class name="com.oswal.android.testscripts.TC_001">
        <test-method status="PASS" signature="StartServer()[pri:0, instance:com.oswal.android.testscripts.TC_001@5034c75a]" name="StartServer" is-config="true" duration-ms="27158" started-at="2021-02-02T13:38:03Z" finished-at="2021-02-02T13:38:30Z">
          <reporter-output>
          </reporter-output>
        </test-method> <!-- StartServer -->
        <test-method status="PASS" signature="_LaunchApp()[pri:0, instance:com.oswal.android.testscripts.TC_001@5034c75a]" name="_LaunchApp" is-config="true" duration-ms="49314" started-at="2021-02-02T13:38:31Z" finished-at="2021-02-02T13:39:21Z">
          <reporter-output>
          </reporter-output>
        </test-method> <!-- _LaunchApp -->
        <test-method status="PASS" signature="tc_001()[pri:0, instance:com.oswal.android.testscripts.TC_001@5034c75a]" name="tc_001" duration-ms="32511" started-at="2021-02-02T13:39:21Z" finished-at="2021-02-02T13:39:53Z">
          <reporter-output>
          </reporter-output>
        </test-method> <!-- tc_001 -->
        <test-method status="PASS" signature="shutDownApp()[pri:0, instance:com.oswal.android.testscripts.TC_001@5034c75a]" name="shutDownApp" is-config="true" duration-ms="2119" started-at="2021-02-02T13:39:53Z" finished-at="2021-02-02T13:39:55Z">
          <reporter-output>
          </reporter-output>
        </test-method> <!-- shutDownApp -->
        <test-method status="PASS" signature="StopServer()[pri:0, instance:com.oswal.android.testscripts.TC_001@5034c75a]" name="StopServer" is-config="true" duration-ms="64" started-at="2021-02-02T13:39:59Z" finished-at="2021-02-02T13:39:59Z">
          <reporter-output>
          </reporter-output>
        </test-method> <!-- StopServer -->
      </class> <!-- com.oswal.android.testscripts.TC_001 -->
    </test> <!-- Test -->
  </suite> <!-- Suite -->
</testng-results>
