<?xml version="1.0" encoding="UTF-8"?>
<testng-results skipped="0" failed="0" ignored="0" total="1" passed="1">
  <reporter-output>
  </reporter-output>
  <suite name="Suite" duration-ms="65068" started-at="2021-01-29T05:34:08Z" finished-at="2021-01-29T05:35:13Z">
    <groups>
    </groups>
    <test name="Test" duration-ms="65068" started-at="2021-01-29T05:34:08Z" finished-at="2021-01-29T05:35:13Z">
      <class name="com.oswal.android.testscripts.TC_001">
        <test-method status="PASS" signature="StartServer()[pri:0, instance:com.oswal.android.testscripts.TC_001@5700d6b1]" name="StartServer" is-config="true" duration-ms="8099" started-at="2021-01-29T11:04:00Z" finished-at="2021-01-29T11:04:08Z">
          <reporter-output>
          </reporter-output>
        </test-method> <!-- StartServer -->
        <test-method status="PASS" signature="_LaunchApp()[pri:0, instance:com.oswal.android.testscripts.TC_001@5700d6b1]" name="_LaunchApp" is-config="true" duration-ms="34557" started-at="2021-01-29T11:04:09Z" finished-at="2021-01-29T11:04:44Z">
          <reporter-output>
          </reporter-output>
        </test-method> <!-- _LaunchApp -->
        <test-method status="PASS" signature="tc_001()[pri:0, instance:com.oswal.android.testscripts.TC_001@5700d6b1]" name="tc_001" duration-ms="27641" started-at="2021-01-29T11:04:44Z" finished-at="2021-01-29T11:05:11Z">
          <reporter-output>
          </reporter-output>
        </test-method> <!-- tc_001 -->
        <test-method status="PASS" signature="shutDownApp()[pri:0, instance:com.oswal.android.testscripts.TC_001@5700d6b1]" name="shutDownApp" is-config="true" duration-ms="1854" started-at="2021-01-29T11:05:11Z" finished-at="2021-01-29T11:05:13Z">
          <reporter-output>
          </reporter-output>
        </test-method> <!-- shutDownApp -->
        <test-method status="PASS" signature="StopServer()[pri:0, instance:com.oswal.android.testscripts.TC_001@5700d6b1]" name="StopServer" is-config="true" duration-ms="54" started-at="2021-01-29T11:05:17Z" finished-at="2021-01-29T11:05:17Z">
          <reporter-output>
          </reporter-output>
        </test-method> <!-- StopServer -->
      </class> <!-- com.oswal.android.testscripts.TC_001 -->
    </test> <!-- Test -->
  </suite> <!-- Suite -->
</testng-results>
